        -:    0:Source:dominion.c
        -:    0:Graph:dominion.gcno
        -:    0:Data:dominion.gcda
        -:    0:Runs:27
        -:    0:Programs:1
        -:    1:#include "dominion.h"
        -:    2:#include "dominion_helpers.h"
        -:    3:#include "rngs.h"
        -:    4:#include <stdio.h>
        -:    5:#include <math.h>
        -:    6:#include <stdlib.h>
        -:    7:
function compare called 882 returned 100% blocks executed 85%
        -:    8:int compare(const void* a, const void* b) {
      882:    9:  if (*(int*)a > *(int*)b)
branch  0 taken 0
branch  1 taken 882
    #####:   10:    return 1;
      882:   11:  if (*(int*)a < *(int*)b)
branch  0 taken 315
branch  1 taken 567
      315:   12:    return -1;
      567:   13:  return 0;
      882:   14:}
        -:   15:
function newGame called 0 returned 0% blocks executed 0%
        -:   16:struct gameState* newGame() {
    #####:   17:  struct gameState* g = malloc(sizeof(struct gameState));
    #####:   18:  return g;
        -:   19:}
        -:   20:
function kingdomCards called 0 returned 0% blocks executed 0%
        -:   21:int* kingdomCards(int k1, int k2, int k3, int k4, int k5, int k6, int k7,
        -:   22:		  int k8, int k9, int k10) {
    #####:   23:  int* k = malloc(10 * sizeof(int));
    #####:   24:  k[0] = k1;
    #####:   25:  k[1] = k2;
    #####:   26:  k[2] = k3;
    #####:   27:  k[3] = k4;
    #####:   28:  k[4] = k5;
    #####:   29:  k[5] = k6;
    #####:   30:  k[6] = k7;
    #####:   31:  k[7] = k8;
    #####:   32:  k[8] = k9;
    #####:   33:  k[9] = k10;
    #####:   34:  return k;
        -:   35:}
        -:   36:
function initializeGame called 21 returned 100% blocks executed 90%
        -:   37:int initializeGame(int numPlayers, int kingdomCards[10], int randomSeed,
        -:   38:		   struct gameState *state) {
        -:   39:
        -:   40:  int i;
        -:   41:  int j;
        -:   42:  int it;
        -:   43:  //set up random number generator
       21:   44:  SelectStream(1);
       21:   45:  PutSeed((long)randomSeed);
        -:   46:
        -:   47:  //check number of players
       42:   48:  if (numPlayers > MAX_PLAYERS || numPlayers < 2)
branch  0 taken 21
branch  1 taken 0
branch  2 taken 0
branch  3 taken 21
        -:   49:    {
    #####:   50:      return -1;
        -:   51:    }
        -:   52:
        -:   53:  //set number of players
       21:   54:  state->numPlayers = numPlayers;
        -:   55:
        -:   56:  //check selected kingdom cards are different
      462:   57:  for (i = 0; i < 10; i++)
branch  0 taken 210
branch  1 taken 21
        -:   58:    {
     4620:   59:      for (j = 0; j < 10; j++)
branch  0 taken 2100
branch  1 taken 210
        -:   60:        {
     3990:   61:	  if (j != i && kingdomCards[j] == kingdomCards[i])
branch  0 taken 1890
branch  1 taken 210
branch  2 taken 0
branch  3 taken 1890
        -:   62:	    {
    #####:   63:	      return -1;
        -:   64:	    }
     2100:   65:        }
      210:   66:    }
        -:   67:
        -:   68:
        -:   69:  //initialize supply
        -:   70:  ///////////////////////////////
        -:   71:
        -:   72:  //set number of Curse cards
       21:   73:  if (numPlayers == 2)
branch  0 taken 0
branch  1 taken 21
        -:   74:    {
    #####:   75:      state->supplyCount[curse] = 10;
    #####:   76:    }
       21:   77:  else if (numPlayers == 3)
branch  0 taken 21
branch  1 taken 0
        -:   78:    {
       21:   79:      state->supplyCount[curse] = 20;
       21:   80:    }
        -:   81:  else
        -:   82:    {
    #####:   83:      state->supplyCount[curse] = 30;
        -:   84:    }
        -:   85:
        -:   86:  //set number of Victory cards
       21:   87:  if (numPlayers == 2)
branch  0 taken 0
branch  1 taken 21
        -:   88:    {
    #####:   89:      state->supplyCount[estate] = 8;
    #####:   90:      state->supplyCount[duchy] = 8;
    #####:   91:      state->supplyCount[province] = 8;
    #####:   92:    }
        -:   93:  else
        -:   94:    {
       21:   95:      state->supplyCount[estate] = 12;
       21:   96:      state->supplyCount[duchy] = 12;
       21:   97:      state->supplyCount[province] = 12;
        -:   98:    }
        -:   99:
        -:  100:  //set number of Treasure cards
       21:  101:  state->supplyCount[copper] = 60 - (7 * numPlayers);
       21:  102:  state->supplyCount[silver] = 40;
       21:  103:  state->supplyCount[gold] = 30;
        -:  104:
        -:  105:  //set number of Kingdom cards
      882:  106:  for (i = adventurer; i <= treasure_map; i++)       	//loop all cards
branch  0 taken 420
branch  1 taken 21
        -:  107:    {
     6930:  108:      for (j = 0; j < 10; j++)           		//loop chosen cards
branch  0 taken 3255
branch  1 taken 210
        -:  109:	{
     3255:  110:	  if (kingdomCards[j] == i)
branch  0 taken 210
branch  1 taken 3045
        -:  111:	    {
        -:  112:	      //check if card is a 'Victory' Kingdom card
      399:  113:	      if (kingdomCards[j] == great_hall || kingdomCards[j] == gardens)
branch  0 taken 189
branch  1 taken 21
branch  2 taken 21
branch  3 taken 168
        -:  114:		{
       42:  115:		  if (numPlayers == 2){
branch  0 taken 0
branch  1 taken 42
    #####:  116:		    state->supplyCount[i] = 8;
    #####:  117:		  }
       42:  118:		  else{ state->supplyCount[i] = 12; }
       42:  119:		}
        -:  120:	      else
        -:  121:		{
      168:  122:		  state->supplyCount[i] = 10;
        -:  123:		}
      210:  124:	      break;
        -:  125:	    }
        -:  126:	  else    //card is not in the set choosen for the game
        -:  127:	    {
     3045:  128:	      state->supplyCount[i] = -1;
        -:  129:	    }
     3045:  130:	}
        -:  131:
      420:  132:    }
        -:  133:
        -:  134:  ////////////////////////
        -:  135:  //supply intilization complete
        -:  136:
        -:  137:  //set player decks
      168:  138:  for (i = 0; i < numPlayers; i++)
branch  0 taken 63
branch  1 taken 21
        -:  139:    {
       63:  140:      state->deckCount[i] = 0;
      504:  141:      for (j = 0; j < 3; j++)
branch  0 taken 189
branch  1 taken 63
        -:  142:	{
      189:  143:	  state->deck[i][j] = estate;
      189:  144:	  state->deckCount[i]++;
      189:  145:	}
     1008:  146:      for (j = 3; j < 10; j++)
branch  0 taken 441
branch  1 taken 63
        -:  147:	{
      441:  148:	  state->deck[i][j] = copper;
      441:  149:	  state->deckCount[i]++;
      441:  150:	}
       63:  151:    }
        -:  152:
        -:  153:  //shuffle player decks
      168:  154:  for (i = 0; i < numPlayers; i++)
branch  0 taken 63
branch  1 taken 21
        -:  155:    {
       63:  156:      if ( shuffle(i, state) < 0 )
branch  0 taken 0
branch  1 taken 63
        -:  157:	{
    #####:  158:	  return -1;
        -:  159:	}
       63:  160:    }
        -:  161:
        -:  162:  //draw player hands
      168:  163:  for (i = 0; i < numPlayers; i++)
branch  0 taken 63
branch  1 taken 21
        -:  164:    {
        -:  165:      //initialize hand size to zero
       63:  166:      state->handCount[i] = 0;
       63:  167:      state->discardCount[i] = 0;
        -:  168:      //draw 5 cards
        -:  169:      // for (j = 0; j < 5; j++)
        -:  170:      //	{
        -:  171:      //	  drawCard(i, state);
        -:  172:      //	}
       63:  173:    }
        -:  174:
        -:  175:  //set embargo tokens to 0 for all supply piles
     1176:  176:  for (i = 0; i <= treasure_map; i++)
branch  0 taken 567
branch  1 taken 21
        -:  177:    {
      567:  178:      state->embargoTokens[i] = 0;
      567:  179:    }
        -:  180:
        -:  181:  //initialize first player's turn
       21:  182:  state->outpostPlayed = 0;
       21:  183:  state->phase = 0;
       21:  184:  state->numActions = 1;
       21:  185:  state->numBuys = 1;
       21:  186:  state->playedCardCount = 0;
       21:  187:  state->whoseTurn = 0;
       21:  188:  state->handCount[state->whoseTurn] = 0;
        -:  189:  //int it; move to top
        -:  190:
        -:  191:  //Moved draw cards to here, only drawing at the start of a turn
      252:  192:  for (it = 0; it < 5; it++){
branch  0 taken 105
branch  1 taken 21
      105:  193:    drawCard(state->whoseTurn, state);
      105:  194:  }
        -:  195:
       21:  196:  updateCoins(state->whoseTurn, state, 0);
        -:  197:
       21:  198:  return 0;
       21:  199:}
        -:  200:
function shuffle called 728 returned 100% blocks executed 100%
        -:  201:int shuffle(int player, struct gameState *state) {
        -:  202:
        -:  203:
        -:  204:  int newDeck[MAX_DECK];
      728:  205:  int newDeckPos = 0;
        -:  206:  int card;
        -:  207:  int i;
        -:  208:
      728:  209:  if (state->deckCount[player] < 1)
branch  0 taken 665
branch  1 taken 63
      665:  210:    return -1;
       63:  211:  qsort ((void*)(state->deck[player]), state->deckCount[player], sizeof(int), compare);
        -:  212:  /* SORT CARDS IN DECK TO ENSURE DETERMINISM! */
        -:  213:
     1386:  214:  while (state->deckCount[player] > 0) {
branch  0 taken 630
branch  1 taken 63
      630:  215:    card = floor(Random() * state->deckCount[player]);
      630:  216:    newDeck[newDeckPos] = state->deck[player][card];
      630:  217:    newDeckPos++;
     4662:  218:    for (i = card; i < state->deckCount[player]-1; i++) {
branch  0 taken 1701
branch  1 taken 630
     1701:  219:      state->deck[player][i] = state->deck[player][i+1];
     1701:  220:    }
      630:  221:    state->deckCount[player]--;
        -:  222:  }
     1386:  223:  for (i = 0; i < newDeckPos; i++) {
branch  0 taken 630
branch  1 taken 63
      630:  224:    state->deck[player][i] = newDeck[i];
      630:  225:    state->deckCount[player]++;
      630:  226:  }
        -:  227:
       63:  228:  return 0;
      728:  229:}
        -:  230:
function playCard called 0 returned 0% blocks executed 0%
        -:  231:int playCard(int handPos, int choice1, int choice2, int choice3, struct gameState *state)
        -:  232:{
        -:  233:  int card;
    #####:  234:  int coin_bonus = 0; 		//tracks coins gain from actions
        -:  235:
        -:  236:  //check if it is the right phase
    #####:  237:  if (state->phase != 0)
branch  0 never executed
branch  1 never executed
        -:  238:    {
    #####:  239:      return -1;
        -:  240:    }
        -:  241:
        -:  242:  //check if player has enough actions
    #####:  243:  if ( state->numActions < 1 )
branch  0 never executed
branch  1 never executed
        -:  244:    {
    #####:  245:      return -1;
        -:  246:    }
        -:  247:
        -:  248:  //get card played
    #####:  249:  card = handCard(handPos, state);
        -:  250:
        -:  251:  //check if selected card is an action
    #####:  252:  if ( card < adventurer || card > treasure_map )
branch  0 never executed
branch  1 never executed
branch  2 never executed
branch  3 never executed
        -:  253:    {
    #####:  254:      return -1;
        -:  255:    }
        -:  256:
        -:  257:  //play card
    #####:  258:  if ( cardEffect(card, choice1, choice2, choice3, state, handPos, &coin_bonus) < 0 )
branch  0 never executed
branch  1 never executed
        -:  259:    {
    #####:  260:      return -1;
        -:  261:    }
        -:  262:
        -:  263:  //reduce number of actions
    #####:  264:  state->numActions--;
        -:  265:
        -:  266:  //update coins (Treasure cards may be added with card draws)
    #####:  267:  updateCoins(state->whoseTurn, state, coin_bonus);
        -:  268:
    #####:  269:  return 0;
    #####:  270:}
        -:  271:
function buyCard called 0 returned 0% blocks executed 0%
        -:  272:int buyCard(int supplyPos, struct gameState *state) {
        -:  273:  int who;
        -:  274:  if (DEBUG){
        -:  275:    printf("Entering buyCard...\n");
        -:  276:  }
        -:  277:
        -:  278:  // I don't know what to do about the phase thing.
        -:  279:
    #####:  280:  who = state->whoseTurn;
        -:  281:
    #####:  282:  if (state->numBuys < 1){
branch  0 never executed
branch  1 never executed
        -:  283:    if (DEBUG)
        -:  284:      printf("You do not have any buys left\n");
    #####:  285:    return -1;
    #####:  286:  } else if (supplyCount(supplyPos, state) <1){
branch  0 never executed
branch  1 never executed
        -:  287:    if (DEBUG)
        -:  288:      printf("There are not any of that type of card left\n");
    #####:  289:    return -1;
    #####:  290:  } else if (state->coins < getCost(supplyPos)){
branch  0 never executed
branch  1 never executed
        -:  291:    if (DEBUG)
        -:  292:      printf("You do not have enough money to buy that. You have %d coins.\n", state->coins);
    #####:  293:    return -1;
        -:  294:  } else {
    #####:  295:    state->phase=1;
        -:  296:    //state->supplyCount[supplyPos]--;
    #####:  297:    gainCard(supplyPos, state, 0, who); //card goes in discard, this might be wrong.. (2 means goes into hand, 0 goes into discard)
        -:  298:
    #####:  299:    state->coins = (state->coins) - (getCost(supplyPos));
    #####:  300:    state->numBuys--;
        -:  301:    if (DEBUG)
        -:  302:      printf("You bought card number %d for %d coins. You now have %d buys and %d coins.\n", supplyPos, getCost(supplyPos), state->numBuys, state->coins);
        -:  303:  }
        -:  304:
        -:  305:  //state->discard[who][state->discardCount[who]] = supplyPos;
        -:  306:  //state->discardCount[who]++;
        -:  307:
    #####:  308:  return 0;
    #####:  309:}
        -:  310:
function numHandCards called 0 returned 0% blocks executed 0%
        -:  311:int numHandCards(struct gameState *state) {
    #####:  312:  return state->handCount[ whoseTurn(state) ];
        -:  313:}
        -:  314:
function handCard called 6000 returned 100% blocks executed 100%
        -:  315:int handCard(int handPos, struct gameState *state) {
     6000:  316:  int currentPlayer = whoseTurn(state);
     6000:  317:  return state->hand[currentPlayer][handPos];
        -:  318:}
        -:  319:
function supplyCount called 0 returned 0% blocks executed 0%
        -:  320:int supplyCount(int card, struct gameState *state) {
    #####:  321:  return state->supplyCount[card];
        -:  322:}
        -:  323:
function fullDeckCount called 0 returned 0% blocks executed 0%
        -:  324:int fullDeckCount(int player, int card, struct gameState *state) {
        -:  325:  int i;
    #####:  326:  int count = 0;
        -:  327:
    #####:  328:  for (i = 0; i < state->deckCount[player]; i++)
branch  0 never executed
branch  1 never executed
        -:  329:    {
    #####:  330:      if (state->deck[player][i] == card) count++;
branch  0 never executed
branch  1 never executed
    #####:  331:    }
        -:  332:
    #####:  333:  for (i = 0; i < state->handCount[player]; i++)
branch  0 never executed
branch  1 never executed
        -:  334:    {
    #####:  335:      if (state->hand[player][i] == card) count++;
branch  0 never executed
branch  1 never executed
    #####:  336:    }
        -:  337:
    #####:  338:  for (i = 0; i < state->discardCount[player]; i++)
branch  0 never executed
branch  1 never executed
        -:  339:    {
    #####:  340:      if (state->discard[player][i] == card) count++;
branch  0 never executed
branch  1 never executed
    #####:  341:    }
        -:  342:
    #####:  343:  return count;
        -:  344:}
        -:  345:
function whoseTurn called 12508 returned 100% blocks executed 100%
        -:  346:int whoseTurn(struct gameState *state) {
    12508:  347:  return state->whoseTurn;
        -:  348:}
        -:  349:
function endTurn called 0 returned 0% blocks executed 0%
        -:  350:int endTurn(struct gameState *state) {
        -:  351:  int k;
        -:  352:  int i;
    #####:  353:  int currentPlayer = whoseTurn(state);
        -:  354:
        -:  355:  //Discard hand
    #####:  356:  for (i = 0; i < state->handCount[currentPlayer]; i++){
branch  0 never executed
branch  1 never executed
    #####:  357:    state->discard[currentPlayer][state->discardCount[currentPlayer]++] = state->hand[currentPlayer][i];//Discard
    #####:  358:    state->hand[currentPlayer][i] = -1;//Set card to -1
    #####:  359:  }
    #####:  360:  state->handCount[currentPlayer] = 0;//Reset hand count
        -:  361:
        -:  362:  //Code for determining the player
    #####:  363:  if (currentPlayer < (state->numPlayers - 1)){
branch  0 never executed
branch  1 never executed
    #####:  364:    state->whoseTurn = currentPlayer + 1;//Still safe to increment
    #####:  365:  }
        -:  366:  else{
    #####:  367:    state->whoseTurn = 0;//Max player has been reached, loop back around to player 1
        -:  368:  }
        -:  369:
    #####:  370:  state->outpostPlayed = 0;
    #####:  371:  state->phase = 0;
    #####:  372:  state->numActions = 1;
    #####:  373:  state->coins = 0;
    #####:  374:  state->numBuys = 1;
    #####:  375:  state->playedCardCount = 0;
    #####:  376:  state->handCount[state->whoseTurn] = 0;
        -:  377:
        -:  378:  //int k; move to top
        -:  379:  //Next player draws hand
    #####:  380:  for (k = 0; k < 5; k++){
branch  0 never executed
branch  1 never executed
    #####:  381:    drawCard(state->whoseTurn, state);//Draw a card
    #####:  382:  }
        -:  383:
        -:  384:  //Update money
    #####:  385:  updateCoins(state->whoseTurn, state , 0);
        -:  386:
    #####:  387:  return 0;
        -:  388:}
        -:  389:
function isGameOver called 0 returned 0% blocks executed 0%
        -:  390:int isGameOver(struct gameState *state) {
        -:  391:  int i;
        -:  392:  int j;
        -:  393:
        -:  394:  //if stack of Province cards is empty, the game ends
    #####:  395:  if (state->supplyCount[province] == 0)
branch  0 never executed
branch  1 never executed
        -:  396:    {
    #####:  397:      return 1;
        -:  398:    }
        -:  399:
        -:  400:  //if three supply pile are at 0, the game ends
    #####:  401:  j = 0;
    #####:  402:  for (i = 0; i < 25; i++)
branch  0 never executed
branch  1 never executed
        -:  403:    {
    #####:  404:      if (state->supplyCount[i] == 0)
branch  0 never executed
branch  1 never executed
        -:  405:	{
    #####:  406:	  j++;
    #####:  407:	}
    #####:  408:    }
    #####:  409:  if ( j >= 3)
branch  0 never executed
branch  1 never executed
        -:  410:    {
    #####:  411:      return 1;
        -:  412:    }
        -:  413:
    #####:  414:  return 0;
    #####:  415:}
        -:  416:
function scoreFor called 0 returned 0% blocks executed 0%
        -:  417:int scoreFor (int player, struct gameState *state) {
        -:  418:
        -:  419:  int i;
    #####:  420:  int score = 0;
        -:  421:  //score from hand
    #####:  422:  for (i = 0; i < state->handCount[player]; i++)
branch  0 never executed
branch  1 never executed
        -:  423:    {
    #####:  424:      if (state->hand[player][i] == curse) { score = score - 1; };
branch  0 never executed
branch  1 never executed
    #####:  425:      if (state->hand[player][i] == estate) { score = score + 1; };
branch  0 never executed
branch  1 never executed
    #####:  426:      if (state->hand[player][i] == duchy) { score = score + 3; };
branch  0 never executed
branch  1 never executed
    #####:  427:      if (state->hand[player][i] == province) { score = score + 6; };
branch  0 never executed
branch  1 never executed
    #####:  428:      if (state->hand[player][i] == great_hall) { score = score + 1; };
branch  0 never executed
branch  1 never executed
    #####:  429:      if (state->hand[player][i] == gardens) { score = score + ( fullDeckCount(player, 0, state) / 10 ); };
branch  0 never executed
branch  1 never executed
    #####:  430:    }
        -:  431:
        -:  432:  //score from discard
    #####:  433:  for (i = 0; i < state->discardCount[player]; i++)
branch  0 never executed
branch  1 never executed
        -:  434:    {
    #####:  435:      if (state->discard[player][i] == curse) { score = score - 1; };
branch  0 never executed
branch  1 never executed
    #####:  436:      if (state->discard[player][i] == estate) { score = score + 1; };
branch  0 never executed
branch  1 never executed
    #####:  437:      if (state->discard[player][i] == duchy) { score = score + 3; };
branch  0 never executed
branch  1 never executed
    #####:  438:      if (state->discard[player][i] == province) { score = score + 6; };
branch  0 never executed
branch  1 never executed
    #####:  439:      if (state->discard[player][i] == great_hall) { score = score + 1; };
branch  0 never executed
branch  1 never executed
    #####:  440:      if (state->discard[player][i] == gardens) { score = score + ( fullDeckCount(player, 0, state) / 10 ); };
branch  0 never executed
branch  1 never executed
    #####:  441:    }
        -:  442:
        -:  443:  //score from deck
    #####:  444:  for (i = 0; i < state->discardCount[player]; i++)
branch  0 never executed
branch  1 never executed
        -:  445:    {
    #####:  446:      if (state->deck[player][i] == curse) { score = score - 1; };
branch  0 never executed
branch  1 never executed
    #####:  447:      if (state->deck[player][i] == estate) { score = score + 1; };
branch  0 never executed
branch  1 never executed
    #####:  448:      if (state->deck[player][i] == duchy) { score = score + 3; };
branch  0 never executed
branch  1 never executed
    #####:  449:      if (state->deck[player][i] == province) { score = score + 6; };
branch  0 never executed
branch  1 never executed
    #####:  450:      if (state->deck[player][i] == great_hall) { score = score + 1; };
branch  0 never executed
branch  1 never executed
    #####:  451:      if (state->deck[player][i] == gardens) { score = score + ( fullDeckCount(player, 0, state) / 10 ); };
branch  0 never executed
branch  1 never executed
    #####:  452:    }
        -:  453:
    #####:  454:  return score;
        -:  455:}
        -:  456:
function getWinners called 0 returned 0% blocks executed 0%
        -:  457:int getWinners(int players[MAX_PLAYERS], struct gameState *state) {
        -:  458:  int i;
        -:  459:  int j;
        -:  460:  int highScore;
        -:  461:  int currentPlayer;
        -:  462:
        -:  463:  //get score for each player
    #####:  464:  for (i = 0; i < MAX_PLAYERS; i++)
branch  0 never executed
branch  1 never executed
        -:  465:    {
        -:  466:      //set unused player scores to -9999
    #####:  467:      if (i >= state->numPlayers)
branch  0 never executed
branch  1 never executed
        -:  468:	{
    #####:  469:	  players[i] = -9999;
    #####:  470:	}
        -:  471:      else
        -:  472:	{
    #####:  473:	  players[i] = scoreFor (i, state);
        -:  474:	}
    #####:  475:    }
        -:  476:
        -:  477:  //find highest score
    #####:  478:  j = 0;
    #####:  479:  for (i = 0; i < MAX_PLAYERS; i++)
branch  0 never executed
branch  1 never executed
        -:  480:    {
    #####:  481:      if (players[i] > players[j])
branch  0 never executed
branch  1 never executed
        -:  482:	{
    #####:  483:	  j = i;
    #####:  484:	}
    #####:  485:    }
    #####:  486:  highScore = players[j];
        -:  487:
        -:  488:  //add 1 to players who had less turns
    #####:  489:  currentPlayer = whoseTurn(state);
    #####:  490:  for (i = 0; i < MAX_PLAYERS; i++)
branch  0 never executed
branch  1 never executed
        -:  491:    {
    #####:  492:      if ( players[i] == highScore && i > currentPlayer )
branch  0 never executed
branch  1 never executed
branch  2 never executed
branch  3 never executed
        -:  493:	{
    #####:  494:	  players[i]++;
    #####:  495:	}
    #####:  496:    }
        -:  497:
        -:  498:  //find new highest score
    #####:  499:  j = 0;
    #####:  500:  for (i = 0; i < MAX_PLAYERS; i++)
branch  0 never executed
branch  1 never executed
        -:  501:    {
    #####:  502:      if ( players[i] > players[j] )
branch  0 never executed
branch  1 never executed
        -:  503:	{
    #####:  504:	  j = i;
    #####:  505:	}
    #####:  506:    }
    #####:  507:  highScore = players[j];
        -:  508:
        -:  509:  //set winners in array to 1 and rest to 0
    #####:  510:  for (i = 0; i < MAX_PLAYERS; i++)
branch  0 never executed
branch  1 never executed
        -:  511:    {
    #####:  512:      if ( players[i] == highScore )
branch  0 never executed
branch  1 never executed
        -:  513:	{
    #####:  514:	  players[i] = 1;
    #####:  515:	}
        -:  516:      else
        -:  517:	{
    #####:  518:	  players[i] = 0;
        -:  519:	}
    #####:  520:    }
        -:  521:
    #####:  522:  return 0;
        -:  523:}
        -:  524:
function drawCard called 18867 returned 100% blocks executed 75%
        -:  525:int drawCard(int player, struct gameState *state)
        -:  526:{	int count;
        -:  527:  int deckCounter;
    18867:  528:  if (state->deckCount[player] <= 0){//Deck is empty
branch  0 taken 665
branch  1 taken 18202
        -:  529:
        -:  530:    //Step 1 Shuffle the discard pile back into a deck
        -:  531:    int i;
        -:  532:    //Move discard to deck
     1330:  533:    for (i = 0; i < state->discardCount[player];i++){
branch  0 taken 0
branch  1 taken 665
    #####:  534:      state->deck[player][i] = state->discard[player][i];
    #####:  535:      state->discard[player][i] = -1;
    #####:  536:    }
        -:  537:
      665:  538:    state->deckCount[player] = state->discardCount[player];
      665:  539:    state->discardCount[player] = 0;//Reset discard
        -:  540:
        -:  541:    //Shufffle the deck
      665:  542:    shuffle(player, state);//Shuffle the deck up and make it so that we can draw
        -:  543:
        -:  544:    if (DEBUG){//Debug statements
        -:  545:      printf("Deck count now: %d\n", state->deckCount[player]);
        -:  546:    }
        -:  547:
      665:  548:    state->discardCount[player] = 0;
        -:  549:
        -:  550:    //Step 2 Draw Card
      665:  551:    count = state->handCount[player];//Get current player's hand count
        -:  552:
        -:  553:    if (DEBUG){//Debug statements
        -:  554:      printf("Current hand count: %d\n", count);
        -:  555:    }
        -:  556:
      665:  557:    deckCounter = state->deckCount[player];//Create a holder for the deck count
        -:  558:
      665:  559:    if (deckCounter == 0)
branch  0 taken 665
branch  1 taken 0
      665:  560:      return -1;
        -:  561:
    #####:  562:    state->hand[player][count] = state->deck[player][deckCounter - 1];//Add card to hand
    #####:  563:    state->deckCount[player]--;
    #####:  564:    state->handCount[player]++;//Increment hand count
    #####:  565:  }
        -:  566:
        -:  567:  else{
    18202:  568:    int count = state->handCount[player];//Get current hand count for player
        -:  569:    int deckCounter;
        -:  570:    if (DEBUG){//Debug statements
        -:  571:      printf("Current hand count: %d\n", count);
        -:  572:    }
        -:  573:
    18202:  574:    deckCounter = state->deckCount[player];//Create holder for the deck count
    18202:  575:    state->hand[player][count] = state->deck[player][deckCounter - 1];//Add card to the hand
    18202:  576:    state->deckCount[player]--;
    18202:  577:    state->handCount[player]++;//Increment hand count
        -:  578:  }
        -:  579:
    18202:  580:  return 0;
    18867:  581:}
        -:  582:
function getCost called 1 returned 100% blocks executed 12%
        -:  583:int getCost(int cardNumber)
        -:  584:{
        1:  585:  switch( cardNumber )
branch  0 taken 0
branch  1 taken 0
branch  2 taken 0
branch  3 taken 0
branch  4 taken 0
branch  5 taken 0
branch  6 taken 0
branch  7 taken 0
branch  8 taken 0
branch  9 taken 0
branch 10 taken 0
branch 11 taken 0
branch 12 taken 0
branch 13 taken 1
branch 14 taken 0
branch 15 taken 0
branch 16 taken 0
branch 17 taken 0
branch 18 taken 0
branch 19 taken 0
branch 20 taken 0
branch 21 taken 0
branch 22 taken 0
branch 23 taken 0
branch 24 taken 0
branch 25 taken 0
branch 26 taken 0
branch 27 taken 0
        -:  586:    {
        -:  587:    case curse:
    #####:  588:      return 0;
        -:  589:    case estate:
    #####:  590:      return 2;
        -:  591:    case duchy:
    #####:  592:      return 5;
        -:  593:    case province:
    #####:  594:      return 8;
        -:  595:    case copper:
    #####:  596:      return 0;
        -:  597:    case silver:
    #####:  598:      return 3;
        -:  599:    case gold:
    #####:  600:      return 6;
        -:  601:    case adventurer:
    #####:  602:      return 6;
        -:  603:    case council_room:
    #####:  604:      return 5;
        -:  605:    case feast:
    #####:  606:      return 4;
        -:  607:    case gardens:
    #####:  608:      return 4;
        -:  609:    case mine:
    #####:  610:      return 5;
        -:  611:    case remodel:
    #####:  612:      return 4;
        -:  613:    case smithy:
        1:  614:      return 4;
        -:  615:    case village:
    #####:  616:      return 3;
        -:  617:    case baron:
    #####:  618:      return 4;
        -:  619:    case great_hall:
    #####:  620:      return 3;
        -:  621:    case minion:
    #####:  622:      return 5;
        -:  623:    case steward:
    #####:  624:      return 3;
        -:  625:    case tribute:
    #####:  626:      return 5;
        -:  627:    case ambassador:
    #####:  628:      return 3;
        -:  629:    case cutpurse:
    #####:  630:      return 4;
        -:  631:    case embargo:
    #####:  632:      return 2;
        -:  633:    case outpost:
    #####:  634:      return 5;
        -:  635:    case salvager:
    #####:  636:      return 4;
        -:  637:    case sea_hag:
    #####:  638:      return 4;
        -:  639:    case treasure_map:
    #####:  640:      return 4;
        -:  641:    }
        -:  642:
    #####:  643:  return -1;
        1:  644:}
        -:  645:
        -:  646://***************************************************************************
        -:  647://FOR ASSIGNMENT 2
        -:  648:
function adventurer_card called 0 returned 0% blocks executed 0%
        -:  649:int adventurer_card(struct gameState *state, int *currentPlayer, int *drawntreasure, int *cardDrawn, int *temphand, int *z){
        -:  650:
    #####:  651:    while(*drawntreasure<2){
branch  0 never executed
branch  1 never executed
    #####:  652:  if (state->deckCount[*currentPlayer] <1){//if the deck is empty we need to shuffle discard and add to deck
branch  0 never executed
branch  1 never executed
    #####:  653:    shuffle(*currentPlayer, state);
    #####:  654:  }
    #####:  655:  drawCard(*currentPlayer, state);
    #####:  656:  *cardDrawn = state->hand[*currentPlayer][state->handCount[*currentPlayer]-1];//top card of hand is most recently drawn card.
    #####:  657:  if (*cardDrawn == copper || *cardDrawn == silver || *cardDrawn == gold)
branch  0 never executed
branch  1 never executed
branch  2 never executed
branch  3 never executed
branch  4 never executed
branch  5 never executed
    #####:  658:    //*drawntreasure++;
        -:  659:    *drawntreasure=drawntreasure+2;
    #####:  660:  else{
    #####:  661:    temphand[*z]=*cardDrawn;
    #####:  662:    state->handCount[*currentPlayer]--; //this should just remove the top card (the most recently drawn one).
        -:  663:    *z++;
        -:  664:  }
    #####:  665:    }
branch  0 never executed
branch  1 never executed
    #####:  666:    while(*z-1>=0){
    #####:  667:  state->discard[*currentPlayer][state->discardCount[*currentPlayer]++]=temphand[*z-1]; // discard all cards in play that have been drawn
        -:  668:  *z=*z-1;
    #####:  669:    }
        -:  670:    return 0;
        -:  671:}
        -:  672:
function council_room_card called 0 returned 0% blocks executed 0%
        -:  673://COUNCIL ROOM REFRACTORED
        -:  674:int council_room_card(struct gameState *state, int *currentPlayer, int *handPos){
        -:  675:    //+4 Cards
    #####:  676:    int i;
branch  0 never executed
branch  1 never executed
        -:  677:    //for (i = 0; i < 4; i++)
    #####:  678:    for (i = 0; i < 5; i++)
    #####:  679:  {
        -:  680:    drawCard(*currentPlayer, state);
        -:  681:  }
    #####:  682:
        -:  683:    //+1 Buy
        -:  684:    state->numBuys++;
    #####:  685:
branch  0 never executed
branch  1 never executed
        -:  686:    //Each other player draws a card
    #####:  687:    for (i = 0; i < state->numPlayers; i++)
branch  0 never executed
branch  1 never executed
        -:  688:  {
    #####:  689:    if ( i != *currentPlayer )
    #####:  690:      {
    #####:  691:        drawCard(i, state);
        -:  692:      }
        -:  693:  }
    #####:  694:
        -:  695:    //put played card in played card pile
    #####:  696:    discardCard(*handPos, *currentPlayer, state, 0);
        -:  697:
        -:  698:    return 0;
        -:  699:
        -:  700:}
function great_hall_card called 0 returned 0% blocks executed 0%
        -:  701:
        -:  702://GREAT HALL REFRACTORED
    #####:  703:int great_hall_card(struct gameState *state, int *currentPlayer, int *handPos){
        -:  704:    //+1 Card
        -:  705:    drawCard(*currentPlayer, state);
    #####:  706:
        -:  707:    //+1 Actions
        -:  708:    state->numActions++;
    #####:  709:
    #####:  710:    //discard card from hand
        -:  711:    discardCard(*handPos, *currentPlayer, state, 0);
        -:  712:    return 0;
        -:  713:}
function village_card called 0 returned 0% blocks executed 0%
        -:  714:
        -:  715://VILLAGE REFRACTORED
    #####:  716:int village_card(struct gameState *state, int *currentPlayer, int *handPos){
        -:  717:    //+1 Card
        -:  718:    drawCard(*currentPlayer, state);
    #####:  719:
        -:  720:    //+2 Actions
        -:  721:    state->numActions = state->numActions + 2;
    #####:  722:
    #####:  723:    //discard played card from hand
        -:  724:    discardCard(*handPos, *currentPlayer, state, 0);
        -:  725:    return 0;
function smithy_card called 6254 returned 100% blocks executed 100%
        -:  726:}
        -:  727://SMITHY REFRACTORED
        -:  728:int smithy_card(struct gameState *state, int *currentPlayer, int *handPos){
    50032:  729:    //+3 Cards
branch  0 taken 18762
branch  1 taken 6254
        -:  730:    int i;
    18762:  731:    for (i = 0; i < 3; i++)
    18762:  732:  {
        -:  733:    drawCard(*currentPlayer, state);
        -:  734:  }
     6254:  735:
     6254:  736:    //discard card from hand
        -:  737:    discardCard(*handPos, *currentPlayer, state, 0);
        -:  738:    return 0;
        -:  739:
        -:  740:}
function cardEffect called 6254 returned 100% blocks executed 2%
        -:  741://***************************************************************************
        -:  742:
        -:  743:int cardEffect(int card, int choice1, int choice2, int choice3, struct gameState *state, int handPos, int *bonus)
        -:  744:{
        -:  745:  int i;
        -:  746:  int j;
        -:  747:  int k;
     6254:  748:  int x;
     6254:  749:  int index;
        -:  750:  int currentPlayer = whoseTurn(state);
     6254:  751:  int nextPlayer = currentPlayer + 1;
        -:  752:
     6254:  753:  int tributeRevealedCards[2] = {-1, -1};
        -:  754:  int temphand[MAX_HAND];// moved above the if statement
     6254:  755:  int drawntreasure=0;
     6254:  756:  int cardDrawn;
branch  0 taken 0
branch  1 taken 6254
    #####:  757:  int z = 0;// this is the counter for the temp hand
    #####:  758:  if (nextPlayer > (state->numPlayers - 1)){
        -:  759:    nextPlayer = 0;
        -:  760:  }
     6254:  761:
branch  0 taken 0
branch  1 taken 0
branch  2 taken 0
branch  3 taken 0
branch  4 taken 0
branch  5 taken 0
branch  6 taken 6254
branch  7 taken 0
branch  8 taken 0
branch  9 taken 0
branch 10 taken 0
branch 11 taken 0
branch 12 taken 0
branch 13 taken 0
branch 14 taken 0
branch 15 taken 0
branch 16 taken 0
branch 17 taken 0
branch 18 taken 0
branch 19 taken 0
branch 20 taken 0
        -:  762:  //uses switch to select card and perform actions
        -:  763:  switch( card )
    #####:  764:    {
        -:  765:    case adventurer:
        -:  766:        return adventurer_card(state, &currentPlayer, &drawntreasure, &cardDrawn, temphand, &z);
        -:  767:
        -:  768:    /*
        -:  769:      while(drawntreasure<2){
        -:  770:	if (state->deckCount[currentPlayer] <1){//if the deck is empty we need to shuffle discard and add to deck
        -:  771:	  shuffle(currentPlayer, state);
        -:  772:	}
        -:  773:	drawCard(currentPlayer, state);
        -:  774:	cardDrawn = state->hand[currentPlayer][state->handCount[currentPlayer]-1];//top card of hand is most recently drawn card.
        -:  775:	if (cardDrawn == copper || cardDrawn == silver || cardDrawn == gold)
        -:  776:	  drawntreasure++;
        -:  777:	else{
        -:  778:	  temphand[z]=cardDrawn;
        -:  779:	  state->handCount[currentPlayer]--; //this should just remove the top card (the most recently drawn one).
        -:  780:	  z++;
        -:  781:	}
        -:  782:      }
        -:  783:      while(z-1>=0){
        -:  784:	state->discard[currentPlayer][state->discardCount[currentPlayer]++]=temphand[z-1]; // discard all cards in play that have been drawn
        -:  785:	z=z-1;
        -:  786:      }
        -:  787:      return 0;
        -:  788:    */
    #####:  789:
        -:  790:    case council_room:
        -:  791:        return council_room_card(state, currentPlayer, handPos);
        -:  792:    /*
        -:  793:      //+4 Cards
        -:  794:      for (i = 0; i < 4; i++)
        -:  795:	{
        -:  796:	  drawCard(currentPlayer, state);
        -:  797:	}
        -:  798:
        -:  799:      //+1 Buy
        -:  800:      state->numBuys++;
        -:  801:
        -:  802:      //Each other player draws a card
        -:  803:      for (i = 0; i < state->numPlayers; i++)
        -:  804:	{
        -:  805:	  if ( i != currentPlayer )
        -:  806:	    {
        -:  807:	      drawCard(i, state);
        -:  808:	    }
        -:  809:	}
        -:  810:
        -:  811:      //put played card in played card pile
        -:  812:      discardCard(handPos, currentPlayer, state, 0);
        -:  813:
        -:  814:      return 0;
        -:  815:     */
        -:  816:    case feast:
    #####:  817:      //gain card with cost up to 5
branch  0 never executed
branch  1 never executed
    #####:  818:      //Backup hand
    #####:  819:      for (i = 0; i <= state->handCount[currentPlayer]; i++){
    #####:  820:	temphand[i] = state->hand[currentPlayer][i];//Backup card
        -:  821:	state->hand[currentPlayer][i] = -1;//Set to nothing
        -:  822:      }
        -:  823:      //Backup hand
    #####:  824:
    #####:  825:      //Update Coins for Buy
    #####:  826:      updateCoins(currentPlayer, state, 5);
branch  0 never executed
branch  1 never executed
    #####:  827:      x = 1;//Condition to loop on
branch  0 never executed
branch  1 never executed
        -:  828:      while( x == 1) {//Buy one card
        -:  829:	if (supplyCount(choice1, state) <= 0){
        -:  830:	  if (DEBUG)
        -:  831:	    printf("None of that card left, sorry!\n");
        -:  832:
        -:  833:	  if (DEBUG){
    #####:  834:	    printf("Cards Left: %d\n", supplyCount(choice1, state));
    #####:  835:	  }
branch  0 never executed
branch  1 never executed
    #####:  836:	}
        -:  837:	else if (state->coins < getCost(choice1)){
        -:  838:	  printf("That card is too expensive!\n");
        -:  839:
        -:  840:	  if (DEBUG){
    #####:  841:	    printf("Coins: %d < %d\n", state->coins, getCost(choice1));
        -:  842:	  }
        -:  843:	}
        -:  844:	else{
        -:  845:
        -:  846:	  if (DEBUG){
        -:  847:	    printf("Deck Count: %d\n", state->handCount[currentPlayer] + state->deckCount[currentPlayer] + state->discardCount[currentPlayer]);
    #####:  848:	  }
    #####:  849:
        -:  850:	  gainCard(choice1, state, 0, currentPlayer);//Gain the card
        -:  851:	  x = 0;//No more buying cards
        -:  852:
        -:  853:	  if (DEBUG){
        -:  854:	    printf("Deck Count: %d\n", state->handCount[currentPlayer] + state->deckCount[currentPlayer] + state->discardCount[currentPlayer]);
        -:  855:	  }
        -:  856:
        -:  857:	}
        -:  858:      }
    #####:  859:
branch  0 never executed
branch  1 never executed
    #####:  860:      //Reset Hand
    #####:  861:      for (i = 0; i <= state->handCount[currentPlayer]; i++){
    #####:  862:	state->hand[currentPlayer][i] = temphand[i];
        -:  863:	temphand[i] = -1;
        -:  864:      }
    #####:  865:      //Reset Hand
        -:  866:
        -:  867:      return 0;
    #####:  868:
        -:  869:    case gardens:
        -:  870:      return -1;
    #####:  871:
        -:  872:    case mine:
    #####:  873:      j = state->hand[currentPlayer][choice1];  //store card we will trash
branch  0 never executed
branch  1 never executed
branch  2 never executed
branch  3 never executed
        -:  874:
    #####:  875:      if (state->hand[currentPlayer][choice1] < copper || state->hand[currentPlayer][choice1] > gold)
        -:  876:	{
        -:  877:	  return -1;
    #####:  878:	}
branch  0 never executed
branch  1 never executed
branch  2 never executed
branch  3 never executed
        -:  879:
    #####:  880:      if (choice2 > treasure_map || choice2 < curse)
        -:  881:	{
        -:  882:	  return -1;
    #####:  883:	}
branch  0 never executed
branch  1 never executed
        -:  884:
    #####:  885:      if ( (getCost(state->hand[currentPlayer][choice1]) + 3) > getCost(choice2) )
        -:  886:	{
        -:  887:	  return -1;
    #####:  888:	}
        -:  889:
        -:  890:      gainCard(choice2, state, 2, currentPlayer);
    #####:  891:
        -:  892:      //discard card from hand
        -:  893:      discardCard(handPos, currentPlayer, state, 0);
    #####:  894:
branch  0 never executed
branch  1 never executed
        -:  895:      //discard trashed card
    #####:  896:      for (i = 0; i < state->handCount[currentPlayer]; i++)
branch  0 never executed
branch  1 never executed
        -:  897:	{
    #####:  898:	  if (state->hand[currentPlayer][i] == j)
    #####:  899:	    {
        -:  900:	      discardCard(i, currentPlayer, state, 0);
    #####:  901:	      break;
        -:  902:	    }
    #####:  903:	}
        -:  904:
        -:  905:      return 0;
    #####:  906:
        -:  907:    case remodel:
    #####:  908:      j = state->hand[currentPlayer][choice1];  //store card we will trash
branch  0 never executed
branch  1 never executed
        -:  909:
    #####:  910:      if ( (getCost(state->hand[currentPlayer][choice1]) + 2) > getCost(choice2) )
        -:  911:	{
        -:  912:	  return -1;
    #####:  913:	}
        -:  914:
        -:  915:      gainCard(choice2, state, 0, currentPlayer);
    #####:  916:
        -:  917:      //discard card from hand
        -:  918:      discardCard(handPos, currentPlayer, state, 0);
    #####:  919:
branch  0 never executed
branch  1 never executed
        -:  920:      //discard trashed card
    #####:  921:      for (i = 0; i < state->handCount[currentPlayer]; i++)
branch  0 never executed
branch  1 never executed
        -:  922:	{
    #####:  923:	  if (state->hand[currentPlayer][i] == j)
    #####:  924:	    {
        -:  925:	      discardCard(i, currentPlayer, state, 0);
    #####:  926:	      break;
        -:  927:	    }
        -:  928:	}
    #####:  929:
        -:  930:
        -:  931:      return 0;
     6254:  932:
        -:  933:    case smithy:
        -:  934:        return smithy_card(state, &currentPlayer, &handPos);
        -:  935:    /*
        -:  936:      //+3 Cards
        -:  937:      for (i = 0; i < 3; i++)
        -:  938:	{
        -:  939:	  drawCard(currentPlayer, state);
        -:  940:	}
        -:  941:
        -:  942:      //discard card from hand
        -:  943:      discardCard(handPos, currentPlayer, state, 0);
        -:  944:      return 0;
        -:  945:    */
    #####:  946:
        -:  947:    case village:
        -:  948:        return village_card(state, currentPlayer, handPos);
        -:  949:    /*
        -:  950:      //+1 Card
        -:  951:      drawCard(currentPlayer, state);
        -:  952:
        -:  953:      //+2 Actions
        -:  954:      state->numActions = state->numActions + 2;
        -:  955:
        -:  956:      //discard played card from hand
        -:  957:      discardCard(handPos, currentPlayer, state, 0);
        -:  958:      return 0;
    #####:  959:      */
    #####:  960:
branch  0 never executed
branch  1 never executed
    #####:  961:    case baron:
    #####:  962:      state->numBuys++;//Increase buys by 1!
    #####:  963:      if (choice1 > 0){//Boolean true or going to discard an estate
branch  0 never executed
branch  1 never executed
    #####:  964:	int p = 0;//Iterator for hand!
branch  0 never executed
branch  1 never executed
    #####:  965:	int card_not_discarded = 1;//Flag for discard set!
    #####:  966:	while(card_not_discarded){
    #####:  967:	  if (state->hand[currentPlayer][p] == estate){//Found an estate card!
    #####:  968:	    state->coins += 4;//Add 4 coins to the amount of coins
branch  0 never executed
branch  1 never executed
    #####:  969:	    state->discard[currentPlayer][state->discardCount[currentPlayer]] = state->hand[currentPlayer][p];
    #####:  970:	    state->discardCount[currentPlayer]++;
    #####:  971:	    for (;p < state->handCount[currentPlayer]; p++){
    #####:  972:	      state->hand[currentPlayer][p] = state->hand[currentPlayer][p+1];
    #####:  973:	    }
    #####:  974:	    state->hand[currentPlayer][state->handCount[currentPlayer]] = -1;
    #####:  975:	    state->handCount[currentPlayer]--;
branch  0 never executed
branch  1 never executed
        -:  976:	    card_not_discarded = 0;//Exit the loop
        -:  977:	  }
        -:  978:	  else if (p > state->handCount[currentPlayer]){
        -:  979:	    if(DEBUG) {
    #####:  980:	      printf("No estate cards in your hand, invalid choice\n");
branch  0 never executed
branch  1 never executed
    #####:  981:	      printf("Must gain an estate if there are any\n");
    #####:  982:	    }
    #####:  983:	    if (supplyCount(estate, state) > 0){
branch  0 never executed
branch  1 never executed
    #####:  984:	      gainCard(estate, state, 0, currentPlayer);
    #####:  985:	      state->supplyCount[estate]--;//Decrement estates
    #####:  986:	      if (supplyCount(estate, state) == 0){
    #####:  987:		isGameOver(state);
    #####:  988:	      }
        -:  989:	    }
        -:  990:	    card_not_discarded = 0;//Exit the loop
    #####:  991:	  }
        -:  992:
        -:  993:	  else{
    #####:  994:	    p++;//Next card
        -:  995:	  }
        -:  996:	}
    #####:  997:      }
branch  0 never executed
branch  1 never executed
    #####:  998:
    #####:  999:      else{
    #####: 1000:	if (supplyCount(estate, state) > 0){
branch  0 never executed
branch  1 never executed
    #####: 1001:	  gainCard(estate, state, 0, currentPlayer);//Gain an estate
    #####: 1002:	  state->supplyCount[estate]--;//Decrement Estates
    #####: 1003:	  if (supplyCount(estate, state) == 0){
        -: 1004:	    isGameOver(state);
        -: 1005:	  }
        -: 1006:	}
    #####: 1007:      }
        -: 1008:
        -: 1009:
    #####: 1010:      return 0;
        -: 1011:
        -: 1012:    case great_hall:
        -: 1013:        return great_hall_card(state, currentPlayer, handPos);
        -: 1014:    /*
        -: 1015:      //+1 Card
        -: 1016:      drawCard(currentPlayer, state);
        -: 1017:
        -: 1018:      //+1 Actions
        -: 1019:      state->numActions++;
        -: 1020:
        -: 1021:      //discard card from hand
        -: 1022:      discardCard(handPos, currentPlayer, state, 0);
        -: 1023:      return 0;
    #####: 1024:      */
        -: 1025:    case minion:
        -: 1026:      //+1 action
    #####: 1027:      state->numActions++;
        -: 1028:
    #####: 1029:      //discard card from hand
branch  0 never executed
branch  1 never executed
        -: 1030:      discardCard(handPos, currentPlayer, state, 0);
    #####: 1031:
    #####: 1032:      if (choice1)		//+2 coins
        -: 1033:	{
    #####: 1034:	  state->coins = state->coins + 2;
branch  0 never executed
branch  1 never executed
        -: 1035:	}
        -: 1036:
    #####: 1037:      else if (choice2)		//discard hand, redraw 4, other players with 5+ cards discard hand and draw 4
branch  0 never executed
branch  1 never executed
        -: 1038:	{
    #####: 1039:	  //discard hand
        -: 1040:	  while(numHandCards(state) > 0)
        -: 1041:	    {
        -: 1042:	      discardCard(handPos, currentPlayer, state, 0);
    #####: 1043:	    }
branch  0 never executed
branch  1 never executed
        -: 1044:
    #####: 1045:	  //draw 4
    #####: 1046:	  for (i = 0; i < 4; i++)
        -: 1047:	    {
        -: 1048:	      drawCard(currentPlayer, state);
    #####: 1049:	    }
branch  0 never executed
branch  1 never executed
        -: 1050:
    #####: 1051:	  //other players discard hand and redraw if hand size > 4
branch  0 never executed
branch  1 never executed
        -: 1052:	  for (i = 0; i < state->numPlayers; i++)
    #####: 1053:	    {
branch  0 never executed
branch  1 never executed
        -: 1054:	      if (i != currentPlayer)
        -: 1055:		{
    #####: 1056:		  if ( state->handCount[i] > 4 )
branch  0 never executed
branch  1 never executed
        -: 1057:		    {
    #####: 1058:		      //discard hand
        -: 1059:		      while( state->handCount[i] > 0 )
        -: 1060:			{
        -: 1061:			  discardCard(handPos, i, state, 0);
    #####: 1062:			}
branch  0 never executed
branch  1 never executed
        -: 1063:
    #####: 1064:		      //draw 4
    #####: 1065:		      for (j = 0; j < 4; j++)
    #####: 1066:			{
    #####: 1067:			  drawCard(i, state);
    #####: 1068:			}
        -: 1069:		    }
    #####: 1070:		}
    #####: 1071:	    }
        -: 1072:
        -: 1073:	}
    #####: 1074:      return 0;
branch  0 never executed
branch  1 never executed
        -: 1075:
        -: 1076:    case steward:
    #####: 1077:      if (choice1 == 1)
    #####: 1078:	{
    #####: 1079:	  //+2 cards
    #####: 1080:	  drawCard(currentPlayer, state);
branch  0 never executed
branch  1 never executed
        -: 1081:	  drawCard(currentPlayer, state);
        -: 1082:	}
    #####: 1083:      else if (choice1 == 2)
    #####: 1084:	{
        -: 1085:	  //+2 coins
        -: 1086:	  state->coins = state->coins + 2;
        -: 1087:	}
    #####: 1088:      else
    #####: 1089:	{
        -: 1090:	  //trash 2 cards in hand
        -: 1091:	  discardCard(choice2, currentPlayer, state, 1);
        -: 1092:	  discardCard(choice3, currentPlayer, state, 1);
    #####: 1093:	}
    #####: 1094:
        -: 1095:      //discard card from hand
        -: 1096:      discardCard(handPos, currentPlayer, state, 0);
    #####: 1097:      return 0;
branch  0 never executed
branch  1 never executed
    #####: 1098:
branch  0 never executed
branch  1 never executed
    #####: 1099:    case tribute:
    #####: 1100:      if ((state->discardCount[nextPlayer] + state->deckCount[nextPlayer]) <= 1){
    #####: 1101:	if (state->deckCount[nextPlayer] > 0){
    #####: 1102:	  tributeRevealedCards[0] = state->deck[nextPlayer][state->deckCount[nextPlayer]-1];
branch  0 never executed
branch  1 never executed
    #####: 1103:	  state->deckCount[nextPlayer]--;
    #####: 1104:	}
    #####: 1105:	else if (state->discardCount[nextPlayer] > 0){
        -: 1106:	  tributeRevealedCards[0] = state->discard[nextPlayer][state->discardCount[nextPlayer]-1];
        -: 1107:	  state->discardCount[nextPlayer]--;
        -: 1108:	}
        -: 1109:	else{
        -: 1110:	  //No Card to Reveal
        -: 1111:	  if (DEBUG){
    #####: 1112:	    printf("No cards to reveal\n");
        -: 1113:	  }
        -: 1114:	}
    #####: 1115:      }
branch  0 never executed
branch  1 never executed
    #####: 1116:
branch  0 never executed
branch  1 never executed
    #####: 1117:      else{
    #####: 1118:	if (state->deckCount[nextPlayer] == 0){
    #####: 1119:	  for (i = 0; i < state->discardCount[nextPlayer]; i++){
    #####: 1120:	    state->deck[nextPlayer][i] = state->discard[nextPlayer][i];//Move to deck
    #####: 1121:	    state->deckCount[nextPlayer]++;
        -: 1122:	    state->discard[nextPlayer][i] = -1;
    #####: 1123:	    state->discardCount[nextPlayer]--;
    #####: 1124:	  }
    #####: 1125:
    #####: 1126:	  shuffle(nextPlayer,state);//Shuffle the deck
    #####: 1127:	}
    #####: 1128:	tributeRevealedCards[0] = state->deck[nextPlayer][state->deckCount[nextPlayer]-1];
    #####: 1129:	state->deck[nextPlayer][state->deckCount[nextPlayer]--] = -1;
    #####: 1130:	state->deckCount[nextPlayer]--;
        -: 1131:	tributeRevealedCards[1] = state->deck[nextPlayer][state->deckCount[nextPlayer]-1];
        -: 1132:	state->deck[nextPlayer][state->deckCount[nextPlayer]--] = -1;
    #####: 1133:	state->deckCount[nextPlayer]--;
branch  0 never executed
branch  1 never executed
    #####: 1134:      }
    #####: 1135:
    #####: 1136:      if (tributeRevealedCards[0] == tributeRevealedCards[1]){//If we have a duplicate card, just drop one
    #####: 1137:	state->playedCards[state->playedCardCount] = tributeRevealedCards[1];
        -: 1138:	state->playedCardCount++;
    #####: 1139:	tributeRevealedCards[1] = -1;
branch  0 never executed
branch  1 never executed
    #####: 1140:      }
branch  0 never executed
branch  1 never executed
branch  2 never executed
branch  3 never executed
branch  4 never executed
branch  5 never executed
    #####: 1141:
    #####: 1142:      for (i = 0; i <= 2; i ++){
        -: 1143:	if (tributeRevealedCards[i] == copper || tributeRevealedCards[i] == silver || tributeRevealedCards[i] == gold){//Treasure cards
    #####: 1144:	  state->coins += 2;
branch  0 never executed
branch  1 never executed
branch  2 never executed
branch  3 never executed
branch  4 never executed
branch  5 never executed
branch  6 never executed
branch  7 never executed
branch  8 never executed
branch  9 never executed
    #####: 1145:	}
    #####: 1146:
    #####: 1147:	else if (tributeRevealedCards[i] == estate || tributeRevealedCards[i] == duchy || tributeRevealedCards[i] == province || tributeRevealedCards[i] == gardens || tributeRevealedCards[i] == great_hall){//Victory Card Found
        -: 1148:	  drawCard(currentPlayer, state);
    #####: 1149:	  drawCard(currentPlayer, state);
        -: 1150:	}
    #####: 1151:	else{//Action Card
        -: 1152:	  state->numActions = state->numActions + 2;
    #####: 1153:	}
        -: 1154:      }
        -: 1155:
    #####: 1156:      return 0;
        -: 1157:
    #####: 1158:    case ambassador:
branch  0 never executed
branch  1 never executed
branch  2 never executed
branch  3 never executed
        -: 1159:      j = 0;		//used to check if player has enough cards to discard
    #####: 1160:
        -: 1161:      if (choice2 > 2 || choice2 < 0)
        -: 1162:	{
    #####: 1163:	  return -1;
branch  0 never executed
branch  1 never executed
        -: 1164:	}
    #####: 1165:
        -: 1166:      if (choice1 == handPos)
        -: 1167:	{
    #####: 1168:	  return -1;
branch  0 never executed
branch  1 never executed
        -: 1169:	}
    #####: 1170:
branch  0 never executed
branch  1 never executed
branch  2 never executed
branch  3 never executed
branch  4 never executed
branch  5 never executed
        -: 1171:      for (i = 0; i < state->handCount[currentPlayer]; i++)
    #####: 1172:	{
    #####: 1173:	  if (i != handPos && i == state->hand[currentPlayer][choice1] && i != choice1)
    #####: 1174:	    {
    #####: 1175:	      j++;
branch  0 never executed
branch  1 never executed
        -: 1176:	    }
    #####: 1177:	}
        -: 1178:      if (j < choice2)
        -: 1179:	{
        -: 1180:	  return -1;
        -: 1181:	}
        -: 1182:
        -: 1183:      if (DEBUG)
    #####: 1184:	printf("Player %d reveals card number: %d\n", currentPlayer, state->hand[currentPlayer][choice1]);
        -: 1185:
        -: 1186:      //increase supply count for choosen card by amount being discarded
    #####: 1187:      state->supplyCount[state->hand[currentPlayer][choice1]] += choice2;
branch  0 never executed
branch  1 never executed
        -: 1188:
    #####: 1189:      //each other player gains a copy of revealed card
branch  0 never executed
branch  1 never executed
        -: 1190:      for (i = 0; i < state->numPlayers; i++)
    #####: 1191:	{
    #####: 1192:	  if (i != currentPlayer)
    #####: 1193:	    {
        -: 1194:	      gainCard(state->hand[currentPlayer][choice1], state, 0, i);
        -: 1195:	    }
    #####: 1196:	}
        -: 1197:
        -: 1198:      //discard played card from hand
    #####: 1199:      discardCard(handPos, currentPlayer, state, 0);
branch  0 never executed
branch  1 never executed
        -: 1200:
    #####: 1201:      //trash copies of cards returned to supply
branch  0 never executed
branch  1 never executed
        -: 1202:      for (j = 0; j < choice2; j++)
    #####: 1203:	{
branch  0 never executed
branch  1 never executed
        -: 1204:	  for (i = 0; i < state->handCount[currentPlayer]; i++)
    #####: 1205:	    {
    #####: 1206:	      if (state->hand[currentPlayer][i] == state->hand[currentPlayer][choice1])
        -: 1207:		{
    #####: 1208:		  discardCard(i, currentPlayer, state, 1);
    #####: 1209:		  break;
        -: 1210:		}
    #####: 1211:	    }
        -: 1212:	}
        -: 1213:
        -: 1214:      return 0;
    #####: 1215:
    #####: 1216:    case cutpurse:
branch  0 never executed
branch  1 never executed
        -: 1217:
    #####: 1218:      updateCoins(currentPlayer, state, 2);
branch  0 never executed
branch  1 never executed
        -: 1219:      for (i = 0; i < state->numPlayers; i++)
    #####: 1220:	{
branch  0 never executed
branch  1 never executed
        -: 1221:	  if (i != currentPlayer)
    #####: 1222:	    {
branch  0 never executed
branch  1 never executed
        -: 1223:	      for (j = 0; j < state->handCount[i]; j++)
    #####: 1224:		{
    #####: 1225:		  if (state->hand[i][j] == copper)
        -: 1226:		    {
    #####: 1227:		      discardCard(j, i, state, 0);
branch  0 never executed
branch  1 never executed
        -: 1228:		      break;
    #####: 1229:		    }
branch  0 never executed
branch  1 never executed
        -: 1230:		  if (j == state->handCount[i])
        -: 1231:		    {
        -: 1232:		      for (k = 0; k < state->handCount[i]; k++)
    #####: 1233:			{
    #####: 1234:			  if (DEBUG)
        -: 1235:			    printf("Player %d reveals card number %d\n", i, state->hand[i][k]);
    #####: 1236:			}
        -: 1237:		      break;
    #####: 1238:		    }
        -: 1239:		}
    #####: 1240:
        -: 1241:	    }
        -: 1242:
    #####: 1243:	}
        -: 1244:
    #####: 1245:      //discard played card from hand
        -: 1246:      discardCard(handPos, currentPlayer, state, 0);
        -: 1247:
        -: 1248:      return 0;
        -: 1249:
    #####: 1250:
        -: 1251:    case embargo:
        -: 1252:      //+2 Coins
    #####: 1253:      state->coins = state->coins + 2;
branch  0 never executed
branch  1 never executed
        -: 1254:
    #####: 1255:      //see if selected pile is in play
        -: 1256:      if ( state->supplyCount[choice1] == -1 )
        -: 1257:	{
        -: 1258:	  return -1;
    #####: 1259:	}
        -: 1260:
        -: 1261:      //add embargo token to selected supply pile
    #####: 1262:      state->embargoTokens[choice1]++;
    #####: 1263:
        -: 1264:      //trash card
        -: 1265:      discardCard(handPos, currentPlayer, state, 1);
        -: 1266:      return 0;
    #####: 1267:
        -: 1268:    case outpost:
        -: 1269:      //set outpost flag
    #####: 1270:      state->outpostPlayed++;
    #####: 1271:
        -: 1272:      //discard card
        -: 1273:      discardCard(handPos, currentPlayer, state, 0);
        -: 1274:      return 0;
    #####: 1275:
        -: 1276:    case salvager:
    #####: 1277:      //+1 buy
branch  0 never executed
branch  1 never executed
        -: 1278:      state->numBuys++;
        -: 1279:
    #####: 1280:      if (choice1)
        -: 1281:	{
    #####: 1282:	  //gain coins equal to trashed card
    #####: 1283:	  state->coins = state->coins + getCost( handCard(choice1, state) );
        -: 1284:	  //trash card
        -: 1285:	  discardCard(choice1, currentPlayer, state, 1);
    #####: 1286:	}
    #####: 1287:
        -: 1288:      //discard card
        -: 1289:      discardCard(handPos, currentPlayer, state, 0);
    #####: 1290:      return 0;
branch  0 never executed
branch  1 never executed
    #####: 1291:
branch  0 never executed
branch  1 never executed
    #####: 1292:    case sea_hag:
    #####: 1293:      for (i = 0; i < state->numPlayers; i++){
    #####: 1294:	if (i != currentPlayer){
    #####: 1295:	  state->discard[i][state->discardCount[i]] = state->deck[i][state->deckCount[i]--];			    state->deckCount[i]--;
    #####: 1296:	  state->discardCount[i]++;
    #####: 1297:	  state->deck[i][state->deckCount[i]--] = curse;//Top card now a curse
        -: 1298:	}
        -: 1299:      }
        -: 1300:      return 0;
    #####: 1301:
    #####: 1302:    case treasure_map:
branch  0 never executed
branch  1 never executed
        -: 1303:      //search hand for another treasure_map
    #####: 1304:      index = -1;
branch  0 never executed
branch  1 never executed
branch  2 never executed
branch  3 never executed
        -: 1305:      for (i = 0; i < state->handCount[currentPlayer]; i++)
    #####: 1306:	{
    #####: 1307:	  if (state->hand[currentPlayer][i] == treasure_map && i != handPos)
        -: 1308:	    {
    #####: 1309:	      index = i;
    #####: 1310:	      break;
branch  0 never executed
branch  1 never executed
        -: 1311:	    }
        -: 1312:	}
    #####: 1313:      if (index > -1)
    #####: 1314:	{
        -: 1315:	  //trash both treasure cards
        -: 1316:	  discardCard(handPos, currentPlayer, state, 1);
    #####: 1317:	  discardCard(index, currentPlayer, state, 1);
branch  0 never executed
branch  1 never executed
        -: 1318:
    #####: 1319:	  //gain 4 Gold cards
    #####: 1320:	  for (i = 0; i < 4; i++)
        -: 1321:	    {
        -: 1322:	      gainCard(gold, state, 1, currentPlayer);
    #####: 1323:	    }
        -: 1324:
        -: 1325:	  //return success
        -: 1326:	  return 1;
    #####: 1327:	}
        -: 1328:
        -: 1329:      //no second treasure_map found in hand
    #####: 1330:      return -1;
     6254: 1331:    }
        -: 1332:
function discardCard called 6254 returned 100% blocks executed 90%
        -: 1333:  return -1;
        -: 1334:}
        -: 1335:
        -: 1336:int discardCard(int handPos, int currentPlayer, struct gameState *state, int trashFlag)
     6254: 1337:{
branch  0 taken 6254
branch  1 taken 0
        -: 1338:
        -: 1339:  //if card is not trashed, added to Played pile
     6254: 1340:  if (trashFlag < 1)
     6254: 1341:    {
     6254: 1342:      //add card to played pile
        -: 1343:      state->playedCards[state->playedCardCount] = state->hand[currentPlayer][handPos];
        -: 1344:      state->playedCardCount++;
     6254: 1345:    }
        -: 1346:
        -: 1347:  //set played card to -1
     6254: 1348:  state->hand[currentPlayer][handPos] = -1;
branch  0 taken 17
branch  1 taken 6237
        -: 1349:
        -: 1350:  //remove card from player's hand
       17: 1351:  if ( handPos == (state->handCount[currentPlayer] - 1) ) 	//last card in hand array is played
       17: 1352:    {
     6237: 1353:      //reduce number of cards in hand
branch  0 taken 0
branch  1 taken 6237
        -: 1354:      state->handCount[currentPlayer]--;
        -: 1355:    }
    #####: 1356:  else if ( state->handCount[currentPlayer] == 1 ) //only one card in hand
    #####: 1357:    {
        -: 1358:      //reduce number of cards in hand
        -: 1359:      state->handCount[currentPlayer]--;
        -: 1360:    }
     6237: 1361:  else
        -: 1362:    {
     6237: 1363:      //replace discarded card with last card in hand
        -: 1364:      state->hand[currentPlayer][handPos] = state->hand[currentPlayer][ (state->handCount[currentPlayer] - 1)];
     6237: 1365:      //set last card to -1
        -: 1366:      state->hand[currentPlayer][state->handCount[currentPlayer] - 1] = -1;
        -: 1367:      //reduce number of cards in hand
     6254: 1368:      state->handCount[currentPlayer]--;
        -: 1369:    }
        -: 1370:
function gainCard called 0 returned 0% blocks executed 0%
        -: 1371:  return 0;
        -: 1372:}
        -: 1373:
        -: 1374:int gainCard(int supplyPos, struct gameState *state, int toFlag, int player)
        -: 1375:{
    #####: 1376:  //Note: supplyPos is enum of choosen card
branch  0 never executed
branch  1 never executed
        -: 1377:
    #####: 1378:  //check if supply pile is empty (0) or card is not used in game (-1)
        -: 1379:  if ( supplyCount(supplyPos, state) < 1 )
        -: 1380:    {
        -: 1381:      return -1;
        -: 1382:    }
        -: 1383:
        -: 1384:  //added card for [whoseTurn] current player:
        -: 1385:  // toFlag = 0 : add to discard
    #####: 1386:  // toFlag = 1 : add to deck
branch  0 never executed
branch  1 never executed
        -: 1387:  // toFlag = 2 : add to hand
    #####: 1388:
    #####: 1389:  if (toFlag == 1)
    #####: 1390:    {
    #####: 1391:      state->deck[ player ][ state->deckCount[player] ] = supplyPos;
branch  0 never executed
branch  1 never executed
        -: 1392:      state->deckCount[player]++;
    #####: 1393:    }
    #####: 1394:  else if (toFlag == 2)
    #####: 1395:    {
        -: 1396:      state->hand[ player ][ state->handCount[player] ] = supplyPos;
        -: 1397:      state->handCount[player]++;
    #####: 1398:    }
    #####: 1399:  else
        -: 1400:    {
        -: 1401:      state->discard[player][ state->discardCount[player] ] = supplyPos;
        -: 1402:      state->discardCount[player]++;
    #####: 1403:    }
        -: 1404:
    #####: 1405:  //decrease number in supply pile
    #####: 1406:  state->supplyCount[supplyPos]--;
        -: 1407:
function updateCoins called 6021 returned 100% blocks executed 100%
        -: 1408:  return 0;
        -: 1409:}
        -: 1410:
        -: 1411:int updateCoins(int player, struct gameState *state, int bonus)
        -: 1412:{
     6021: 1413:  int i;
        -: 1414:
        -: 1415:  //reset coin count
   181632: 1416:  state->coins = 0;
branch  0 taken 84795
branch  1 taken 6021
        -: 1417:
    84795: 1418:  //add coins for each Treasure card in player's hand
branch  0 taken 3120
branch  1 taken 81675
        -: 1419:  for (i = 0; i < state->handCount[player]; i++)
     3120: 1420:    {
     3120: 1421:      if (state->hand[player][i] == copper)
    81675: 1422:	{
branch  0 taken 3096
branch  1 taken 78579
        -: 1423:	  state->coins += 1;
     3096: 1424:	}
     3096: 1425:      else if (state->hand[player][i] == silver)
    78579: 1426:	{
branch  0 taken 3042
branch  1 taken 75537
        -: 1427:	  state->coins += 2;
     3042: 1428:	}
     3042: 1429:      else if (state->hand[player][i] == gold)
    84795: 1430:	{
        -: 1431:	  state->coins += 3;
        -: 1432:	}
     6021: 1433:    }
        -: 1434:
     6021: 1435:  //add bonus
        -: 1436:  state->coins += bonus;
        -: 1437:
        -: 1438:  return 0;
        -: 1439:}
        -: 1440:
        -: 1441:
        -: 1442://end of dominion.c
